Time resolution is 1 ps
WARNING: This core is supplied with a behavioral model. To model cycle-accurate behavior you must run timing simulation.
==============================================================
Test begin!
----[   4855 ns] Number 8'd01 Functional Test Point PASS!!!
----[  13465 ns] Number 8'd02 Functional Test Point PASS!!!
----[  17855 ns] Number 8'd03 Functional Test Point PASS!!!
        [  22000 ns] Test is running, debug_wb_pc = 0x1c0025d8
----[  25185 ns] Number 8'd04 Functional Test Point PASS!!!
----[  26515 ns] Number 8'd05 Functional Test Point PASS!!!
----[  31285 ns] Number 8'd06 Functional Test Point PASS!!!
        [  32000 ns] Test is running, debug_wb_pc = 0x1c00e6b4
----[  35735 ns] Number 8'd07 Functional Test Point PASS!!!
----[  39705 ns] Number 8'd08 Functional Test Point PASS!!!
        [  42000 ns] Test is running, debug_wb_pc = 0x1c02cbac
----[  43595 ns] Number 8'd09 Functional Test Point PASS!!!
----[  48445 ns] Number 8'd10 Functional Test Point PASS!!!
        [  52000 ns] Test is running, debug_wb_pc = 0x1c030cfc
----[  52775 ns] Number 8'd11 Functional Test Point PASS!!!
----[  55485 ns] Number 8'd12 Functional Test Point PASS!!!
----[  58195 ns] Number 8'd13 Functional Test Point PASS!!!
        [  62000 ns] Test is running, debug_wb_pc = 0x1c0298e0
----[  66165 ns] Number 8'd14 Functional Test Point PASS!!!
        [  72000 ns] Test is running, debug_wb_pc = 0x1c03750c
----[  73735 ns] Number 8'd15 Functional Test Point PASS!!!
        [  82000 ns] Test is running, debug_wb_pc = 0x00000000
----[  89085 ns] Number 8'd16 Functional Test Point PASS!!!
        [  92000 ns] Test is running, debug_wb_pc = 0x1c002e5c
----[ 100125 ns] Number 8'd17 Functional Test Point PASS!!!
        [ 102000 ns] Test is running, debug_wb_pc = 0x1c0208ac
----[ 108815 ns] Number 8'd18 Functional Test Point PASS!!!
        [ 112000 ns] Test is running, debug_wb_pc = 0x1c0350a8
        [ 122000 ns] Test is running, debug_wb_pc = 0x1c035d60
----[ 130625 ns] Number 8'd19 Functional Test Point PASS!!!
        [ 132000 ns] Test is running, debug_wb_pc = 0x1c018af4
----[ 140995 ns] Number 8'd20 Functional Test Point PASS!!!
        [ 142000 ns] Test is running, debug_wb_pc = 0x00000000
        [ 152000 ns] Test is running, debug_wb_pc = 0x00000000
        [ 162000 ns] Test is running, debug_wb_pc = 0x1c02b180
        [ 172000 ns] Test is running, debug_wb_pc = 0x00000000
        [ 182000 ns] Test is running, debug_wb_pc = 0x00000000
----[ 186515 ns] Number 8'd21 Functional Test Point PASS!!!
        [ 192000 ns] Test is running, debug_wb_pc = 0x1c02f3a8
        [ 202000 ns] Test is running, debug_wb_pc = 0x1c030348
----[ 204945 ns] Number 8'd22 Functional Test Point PASS!!!
        [ 212000 ns] Test is running, debug_wb_pc = 0x1c000e0c
        [ 222000 ns] Test is running, debug_wb_pc = 0x1c001dac
----[ 223375 ns] Number 8'd23 Functional Test Point PASS!!!
        [ 232000 ns] Test is running, debug_wb_pc = 0x1c013b38
----[ 241805 ns] Number 8'd24 Functional Test Point PASS!!!
        [ 242000 ns] Test is running, debug_wb_pc = 0x1c000364
        [ 252000 ns] Test is running, debug_wb_pc = 0x1c02473c
----[ 260235 ns] Number 8'd25 Functional Test Point PASS!!!
        [ 262000 ns] Test is running, debug_wb_pc = 0x1c014cd8
        [ 272000 ns] Test is running, debug_wb_pc = 0x1c015c78
----[ 278665 ns] Number 8'd26 Functional Test Point PASS!!!
        [ 282000 ns] Test is running, debug_wb_pc = 0x1c0216c4
        [ 292000 ns] Test is running, debug_wb_pc = 0x1c022664
        [ 302000 ns] Test is running, debug_wb_pc = 0x1c023604
----[ 303115 ns] Number 8'd27 Functional Test Point PASS!!!
        [ 312000 ns] Test is running, debug_wb_pc = 0x1c01ee30
        [ 322000 ns] Test is running, debug_wb_pc = 0x1c01fdd0
----[ 327565 ns] Number 8'd28 Functional Test Point PASS!!!
        [ 332000 ns] Test is running, debug_wb_pc = 0x1c00a514
        [ 342000 ns] Test is running, debug_wb_pc = 0x1c00b4b4
        [ 352000 ns] Test is running, debug_wb_pc = 0x1c00c454
----[ 352015 ns] Number 8'd29 Functional Test Point PASS!!!
        [ 362000 ns] Test is running, debug_wb_pc = 0x1c031cf8
        [ 372000 ns] Test is running, debug_wb_pc = 0x1c032bb8
        [ 382000 ns] Test is running, debug_wb_pc = 0x1c033ae8
        [ 392000 ns] Test is running, debug_wb_pc = 0x1c0349a8
----[ 394225 ns] Number 8'd30 Functional Test Point PASS!!!
        [ 402000 ns] Test is running, debug_wb_pc = 0x1c02612c
        [ 412000 ns] Test is running, debug_wb_pc = 0x1c027024
        [ 422000 ns] Test is running, debug_wb_pc = 0x1c027f54
        [ 432000 ns] Test is running, debug_wb_pc = 0x1c028e14
----[ 436205 ns] Number 8'd31 Functional Test Point PASS!!!
        [ 442000 ns] Test is running, debug_wb_pc = 0x1c01a9c4
        [ 452000 ns] Test is running, debug_wb_pc = 0x1c01b8f4
        [ 462000 ns] Test is running, debug_wb_pc = 0x1c01c77c
        [ 472000 ns] Test is running, debug_wb_pc = 0x00000000
----[ 479145 ns] Number 8'd32 Functional Test Point PASS!!!
        [ 482000 ns] Test is running, debug_wb_pc = 0x1c0063ac
        [ 492000 ns] Test is running, debug_wb_pc = 0x1c0072c4
        [ 502000 ns] Test is running, debug_wb_pc = 0x1c00819c
        [ 512000 ns] Test is running, debug_wb_pc = 0x00000000
----[ 521205 ns] Number 8'd33 Functional Test Point PASS!!!
        [ 522000 ns] Test is running, debug_wb_pc = 0x1c02ced4
        [ 532000 ns] Test is running, debug_wb_pc = 0x1c02db54
        [ 542000 ns] Test is running, debug_wb_pc = 0x1c02e7d4
----[ 544975 ns] Number 8'd34 Functional Test Point PASS!!!
        [ 552000 ns] Test is running, debug_wb_pc = 0x1c016f58
        [ 562000 ns] Test is running, debug_wb_pc = 0x1c017bd8
----[ 562545 ns] Number 8'd35 Functional Test Point PASS!!!
        [ 572000 ns] Test is running, debug_wb_pc = 0x1c00fe70
        [ 582000 ns] Test is running, debug_wb_pc = 0x1c010af0
----[ 588115 ns] Number 8'd36 Functional Test Point PASS!!!
        [ 592000 ns] Test is running, debug_wb_pc = 0x00000000
        [ 602000 ns] Test is running, debug_wb_pc = 0x00000000
----[ 610485 ns] Number 8'd37 Functional Test Point PASS!!!
        [ 612000 ns] Test is running, debug_wb_pc = 0x1c00c5f4
        [ 622000 ns] Test is running, debug_wb_pc = 0x00000000
        [ 632000 ns] Test is running, debug_wb_pc = 0x1c00dfc4
----[ 636845 ns] Number 8'd38 Functional Test Point PASS!!!
        [ 642000 ns] Test is running, debug_wb_pc = 0x1c00476c
        [ 652000 ns] Test is running, debug_wb_pc = 0x1c00545c
----[ 660905 ns] Number 8'd39 Functional Test Point PASS!!!
==============================================================
Test end!
----PASS!!!
$finish called at time : 661395 ns : File "C:/Users/Lenovo1/Desktop/mycpu_env/mycpu_env/soc_verify/soc_dram/testbench/mycpu_tb.v" Line 274
