INFO: [VRFC 10-2263] Analyzing Verilog file "C:/Users/Lenovo1/Desktop/mycpu_env/mycpu_env/soc_verify/soc_dram/run_vivado/project/loongson.gen/sources_1/ip/data_ram/sim/data_ram.v" into library xil_defaultlib
INFO: [VRFC 10-311] analyzing module data_ram
INFO: [VRFC 10-2263] Analyzing Verilog file "C:/Users/Lenovo1/Desktop/mycpu_env/mycpu_env/soc_verify/soc_dram/run_vivado/project/loongson.gen/sources_1/ip/dist_mem_gen_0/sim/dist_mem_gen_0.v" into library xil_defaultlib
INFO: [VRFC 10-311] analyzing module dist_mem_gen_0
INFO: [VRFC 10-2263] Analyzing Verilog file "C:/Users/Lenovo1/Desktop/mycpu_env/mycpu_env/myCPU/alu.v" into library xil_defaultlib
INFO: [VRFC 10-311] analyzing module alu
INFO: [VRFC 10-2263] Analyzing Verilog file "C:/Users/Lenovo1/Desktop/mycpu_env/mycpu_env/soc_verify/soc_dram/testbench/async_ram.v" into library xil_defaultlib
INFO: [VRFC 10-311] analyzing module async_ram
INFO: [VRFC 10-311] analyzing module inst_ram
INFO: [VRFC 10-311] analyzing module data_ram
WARNING: [VRFC 10-3609] overwriting previous definition of module 'data_ram' [C:/Users/Lenovo1/Desktop/mycpu_env/mycpu_env/soc_verify/soc_dram/testbench/async_ram.v:66]
INFO: [VRFC 10-2263] Analyzing Verilog file "C:/Users/Lenovo1/Desktop/mycpu_env/mycpu_env/soc_verify/soc_dram/rtl/BRIDGE/bridge_1x2.v" into library xil_defaultlib
INFO: [VRFC 10-311] analyzing module bridge_1x2
INFO: [VRFC 10-2263] Analyzing Verilog file "C:/Users/Lenovo1/Desktop/mycpu_env/mycpu_env/soc_verify/soc_dram/rtl/CONFREG/confreg.v" into library xil_defaultlib
INFO: [VRFC 10-311] analyzing module confreg
INFO: [VRFC 10-2263] Analyzing Verilog file "C:/Users/Lenovo1/Desktop/mycpu_env/mycpu_env/myCPU/mycpu_pipeline.v" into library xil_defaultlib
INFO: [VRFC 10-311] analyzing module mycpu_pipeline
WARNING: [VRFC 10-3380] identifier 'MEM_WB_data' is used before its declaration [C:/Users/Lenovo1/Desktop/mycpu_env/mycpu_env/myCPU/mycpu_pipeline.v:471]
INFO: [VRFC 10-2263] Analyzing Verilog file "C:/Users/Lenovo1/Desktop/mycpu_env/mycpu_env/myCPU/regfile.v" into library xil_defaultlib
INFO: [VRFC 10-311] analyzing module regfile
INFO: [VRFC 10-2263] Analyzing Verilog file "C:/Users/Lenovo1/Desktop/mycpu_env/mycpu_env/soc_verify/soc_dram/rtl/soc_lite_top.v" into library xil_defaultlib
INFO: [VRFC 10-311] analyzing module soc_lite_top
INFO: [VRFC 10-2263] Analyzing Verilog file "C:/Users/Lenovo1/Desktop/mycpu_env/mycpu_env/myCPU/tools.v" into library xil_defaultlib
INFO: [VRFC 10-311] analyzing module decoder_2_4
INFO: [VRFC 10-311] analyzing module decoder_4_16
INFO: [VRFC 10-311] analyzing module decoder_5_32
INFO: [VRFC 10-311] analyzing module decoder_6_64
